[Rollbar] Scheduling item
[Rollbar] Sending item
[Rollbar] Sending json
[Rollbar] Success
[Rollbar] Details: https://rollbar.com/instance/uuid?uuid=ee556bf7-36de-4b0a-a2c4-2754ca43e42c (only available if report was successful)
Started GET "/" for 127.0.0.1 at 2022-05-01 22:42:49 +0300
  [1m[35m (3.0ms)[0m  [1m[34mSELECT sqlite_version(*)[0m
Processing by HomeController#index as HTML
  Rendering layout layouts/application.html.erb
  Rendering home/index.html.erb within layouts/application
  Rendered home/index.html.erb within layouts/application (Duration: 3.9ms | Allocations: 457)
[Webpacker] Compiling...
[Webpacker] Compiled all packs in /Users/Mars/Hexlet/rails-project-lvl3/public/packs
[Webpacker] warning ../../package.json: No license field

[Webpacker] Hash: 4949f615883aa45838a7
Version: webpack 4.46.0
Time: 2594ms
Built at: 01.05.2022 22:42:56
                                     Asset       Size       Chunks                         Chunk Names
    js/application-19ade39cc333985062bf.js    125 KiB  application  [emitted] [immutable]  application
js/application-19ade39cc333985062bf.js.map    139 KiB  application  [emitted] [dev]        application
                             manifest.json  364 bytes               [emitted]              
Entrypoint application = js/application-19ade39cc333985062bf.js js/application-19ade39cc333985062bf.js.map
[./app/javascript/channels sync recursive _channel\.js$] ./app/javascript/channels sync _channel\.js$ 160 bytes {application} [built]
[./app/javascript/channels/index.js] 211 bytes {application} [built]
[./app/javascript/packs/application.js] 492 bytes {application} [built]
[./node_modules/webpack/buildin/module.js] (webpack)/buildin/module.js 552 bytes {application} [built]
    + 3 hidden modules

  Rendered layout layouts/application.html.erb (Duration: 6437.0ms | Allocations: 16945)
Completed 200 OK in 6475ms (Views: 6449.6ms | ActiveRecord: 0.0ms | Allocations: 21537)


Started GET "/" for 127.0.0.1 at 2022-05-01 22:44:18 +0300
Processing by HomeController#index as HTML
  Rendering layout layouts/application.html.erb
  Rendering home/index.html.slim within layouts/application
  Rendered home/index.html.slim within layouts/application (Duration: 36.9ms | Allocations: 11834)
[Webpacker] Everything's up-to-date. Nothing to do
  Rendered layout layouts/application.html.erb (Duration: 45.2ms | Allocations: 15594)
Completed 200 OK in 51ms (Views: 48.4ms | ActiveRecord: 0.0ms | Allocations: 17056)


Started GET "/" for 127.0.0.1 at 2022-05-01 22:44:28 +0300
Processing by HomeController#index as HTML
  Rendering layout layouts/application.html.erb
  Rendering home/index.html.slim within layouts/application
  Rendered home/index.html.slim within layouts/application (Duration: 4.2ms | Allocations: 1534)
[Webpacker] Everything's up-to-date. Nothing to do
  Rendered layout layouts/application.html.erb (Duration: 16.2ms | Allocations: 5392)
Completed 200 OK in 22ms (Views: 20.3ms | ActiveRecord: 0.0ms | Allocations: 6818)


Started GET "/" for 127.0.0.1 at 2022-05-01 22:45:14 +0300
Processing by HomeController#index as HTML
  Rendering layout layouts/application.html.erb
  Rendering home/index.html.slim within layouts/application
  Rendered home/index.html.slim within layouts/application (Duration: 3.5ms | Allocations: 1521)
[Webpacker] Everything's up-to-date. Nothing to do
  Rendered layout layouts/application.html.erb (Duration: 15.4ms | Allocations: 5369)
Completed 200 OK in 21ms (Views: 19.5ms | ActiveRecord: 0.0ms | Allocations: 6750)


Started GET "/" for 127.0.0.1 at 2022-05-01 22:47:50 +0300
Processing by HomeController#index as HTML
  Rendering layout layouts/application.html.erb
  Rendering home/index.html.slim within layouts/application
  Rendered home/index.html.slim within layouts/application (Duration: 0.1ms | Allocations: 37)
[Webpacker] Everything's up-to-date. Nothing to do
  Rendered layout layouts/application.html.erb (Duration: 55.7ms | Allocations: 9079)
Completed 200 OK in 58ms (Views: 56.8ms | ActiveRecord: 0.0ms | Allocations: 9571)


Started GET "/" for 127.0.0.1 at 2022-05-01 22:48:19 +0300
Processing by HomeController#index as HTML
  Rendering layout layouts/application.html.erb
  Rendering home/index.html.slim within layouts/application
  Rendered home/index.html.slim within layouts/application (Duration: 0.1ms | Allocations: 37)
  Rendered layout layouts/application.html.erb (Duration: 46.6ms | Allocations: 6218)
Completed 500 Internal Server Error in 49ms (ActiveRecord: 0.0ms | Allocations: 6678)


[Rollbar] Scheduling item
[Rollbar] Sending item
[Rollbar] Sending json
[Rollbar] Success
[Rollbar] Details: https://rollbar.com/instance/uuid?uuid=a9494841-51b9-4db5-bc9c-66ddb62bb19f (only available if report was successful)
  
ActionView::Template::Error (Error: File to import not found or unreadable: bootstrap.
        on line 1:1 of app/assets/stylesheets/application.scss
>> @import 'bootstrap'

   ^
):
     6:     <%= csrf_meta_tags %>
     7:     <%= csp_meta_tag %>
     8: 
     9:     <%= stylesheet_link_tag 'application', media: 'all', 'data-turbolinks-track': 'reload' %>
    10:     <%= javascript_pack_tag 'application', 'data-turbolinks-track': 'reload' %>
    11:   </head>
    12: 
  
app/assets/stylesheets/application.scss:1
app/views/layouts/application.html.erb:9
Started GET "/" for 127.0.0.1 at 2022-05-01 22:48:27 +0300
Processing by HomeController#index as HTML
  Rendering layout layouts/application.html.erb
  Rendering home/index.html.slim within layouts/application
  Rendered home/index.html.slim within layouts/application (Duration: 0.1ms | Allocations: 37)
  Rendered layout layouts/application.html.erb (Duration: 13.1ms | Allocations: 3573)
Completed 500 Internal Server Error in 15ms (ActiveRecord: 0.0ms | Allocations: 4056)


[Rollbar] Scheduling item
[Rollbar] Sending item
[Rollbar] Sending json
[Rollbar] Success
[Rollbar] Details: https://rollbar.com/instance/uuid?uuid=d486bd7a-a7b7-4e7c-8b0c-a8e9cd39d8e8 (only available if report was successful)
  
ActionView::Template::Error (Error: File to import not found or unreadable: bootstrap.
        on line 1:1 of app/assets/stylesheets/application.scss
>> @import 'bootstrap';

   ^
):
     6:     <%= csrf_meta_tags %>
     7:     <%= csp_meta_tag %>
     8: 
     9:     <%= stylesheet_link_tag 'application', media: 'all', 'data-turbolinks-track': 'reload' %>
    10:     <%= javascript_pack_tag 'application', 'data-turbolinks-track': 'reload' %>
    11:   </head>
    12: 
  
app/assets/stylesheets/application.scss:1
app/views/layouts/application.html.erb:9
Started GET "/" for 127.0.0.1 at 2022-05-01 22:52:22 +0300
Processing by HomeController#index as HTML
  Rendering layout layouts/application.html.erb
  Rendering home/index.html.slim within layouts/application
  Rendered home/index.html.slim within layouts/application (Duration: 0.1ms | Allocations: 37)
  Rendered layout layouts/application.html.erb (Duration: 15.3ms | Allocations: 2763)
Completed 500 Internal Server Error in 17ms (ActiveRecord: 0.0ms | Allocations: 3169)


[Rollbar] Scheduling item
[Rollbar] Sending item
[Rollbar] Sending json
[Rollbar] Success
[Rollbar] Details: https://rollbar.com/instance/uuid?uuid=ae7edbf7-ca28-4a0e-92a9-9259f7b348e6 (only available if report was successful)
  
ActionView::Template::Error (Error: File to import not found or unreadable: ~bootstrap/scss/bootstrap.
        on line 1:1 of app/assets/stylesheets/application.scss
>> @import "~bootstrap/scss/bootstrap";

   ^
):
     6:     <%= csrf_meta_tags %>
     7:     <%= csp_meta_tag %>
     8: 
     9:     <%= stylesheet_link_tag 'application', media: 'all', 'data-turbolinks-track': 'reload' %>
    10:     <%= javascript_pack_tag 'application', 'data-turbolinks-track': 'reload' %>
    11:   </head>
    12: 
  
app/assets/stylesheets/application.scss:1
app/views/layouts/application.html.erb:9
[Rollbar] Scheduling item
[Rollbar] Sending item
[Rollbar] Sending json
[Rollbar] Success
[Rollbar] Details: https://rollbar.com/instance/uuid?uuid=987d822c-c97e-4d95-b3e4-6142efb2774e (only available if report was successful)
Started GET "/" for 127.0.0.1 at 2022-05-01 22:53:53 +0300
  [1m[35m (1.1ms)[0m  [1m[34mSELECT sqlite_version(*)[0m
Processing by HomeController#index as HTML
  Rendering layout layouts/application.html.erb
  Rendering home/index.html.slim within layouts/application
  Rendered home/index.html.slim within layouts/application (Duration: 15.5ms | Allocations: 9464)
  Rendered layout layouts/application.html.erb (Duration: 36.4ms | Allocations: 14414)
Completed 500 Internal Server Error in 54ms (ActiveRecord: 0.0ms | Allocations: 18007)


[Rollbar] Scheduling item
[Rollbar] Sending item
[Rollbar] Sending json
[Rollbar] Success
[Rollbar] Details: https://rollbar.com/instance/uuid?uuid=d62c1ddf-4344-4198-9518-82e7e01c5da8 (only available if report was successful)
  
ActionView::Template::Error (Error: File to import not found or unreadable: bootstrap.
        on line 1:1 of app/assets/stylesheets/application.scss
>> @import "bootstrap";

   ^
):
     6:     <%= csrf_meta_tags %>
     7:     <%= csp_meta_tag %>
     8: 
     9:     <%= stylesheet_link_tag 'application', media: 'all', 'data-turbolinks-track': 'reload' %>
    10:     <%= javascript_pack_tag 'application', 'data-turbolinks-track': 'reload' %>
    11:   </head>
    12: 
  
app/assets/stylesheets/application.scss:1
app/views/layouts/application.html.erb:9
Started GET "/" for 127.0.0.1 at 2022-05-01 22:56:29 +0300
Processing by HomeController#index as HTML
  Rendering layout layouts/application.html.erb
  Rendering home/index.html.slim within layouts/application
  Rendered home/index.html.slim within layouts/application (Duration: 0.3ms | Allocations: 37)
[Webpacker] Everything's up-to-date. Nothing to do
  Rendered layout layouts/application.html.erb (Duration: 13752.8ms | Allocations: 77358)
Completed 200 OK in 13762ms (Views: 13756.4ms | ActiveRecord: 0.0ms | Allocations: 77917)


Started GET "/" for 127.0.0.1 at 2022-05-01 22:57:30 +0300
Processing by HomeController#index as HTML
  Rendering layout layouts/application.html.erb
  Rendering home/index.html.slim within layouts/application
  Rendered home/index.html.slim within layouts/application (Duration: 0.1ms | Allocations: 42)
[Webpacker] Compiling...
[Webpacker] Compiled all packs in /Users/Mars/Hexlet/rails-project-lvl3/public/packs
[Webpacker] warning ../../package.json: No license field

[Webpacker] Hash: cb0f8dcbbf198d85e7ed
Version: webpack 4.46.0
Time: 4472ms
Built at: 01.05.2022 22:57:38
                                     Asset       Size       Chunks                         Chunk Names
    js/application-9dd6922b3a9aa07d21e3.js    454 KiB  application  [emitted] [immutable]  application
js/application-9dd6922b3a9aa07d21e3.js.map    437 KiB  application  [emitted] [dev]        application
                             manifest.json  364 bytes               [emitted]              
Entrypoint application = js/application-9dd6922b3a9aa07d21e3.js js/application-9dd6922b3a9aa07d21e3.js.map
[./app/javascript/channels sync recursive _channel\.js$] ./app/javascript/channels sync _channel\.js$ 160 bytes {application} [built]
[./app/javascript/channels/index.js] 211 bytes {application} [built]
[./app/javascript/packs/application.js] 516 bytes {application} [built]
[./node_modules/webpack/buildin/module.js] (webpack)/buildin/module.js 552 bytes {application} [built]
    + 62 hidden modules

  Rendered layout layouts/application.html.erb (Duration: 8152.2ms | Allocations: 9072)
Completed 200 OK in 8154ms (Views: 8153.2ms | ActiveRecord: 0.0ms | Allocations: 9640)


Started GET "/" for 127.0.0.1 at 2022-05-01 22:58:37 +0300
Processing by HomeController#index as HTML
  Rendering layout layouts/application.html.erb
  Rendering home/index.html.slim within layouts/application
  Rendered home/index.html.slim within layouts/application (Duration: 34.4ms | Allocations: 1828)
[Webpacker] Everything's up-to-date. Nothing to do
  Rendered layout layouts/application.html.erb (Duration: 63.6ms | Allocations: 9087)
Completed 200 OK in 72ms (Views: 69.8ms | ActiveRecord: 0.0ms | Allocations: 10508)


Started GET "/" for 127.0.0.1 at 2022-05-01 22:58:50 +0300
Processing by HomeController#index as HTML
  Rendering layout layouts/application.html.erb
  Rendering home/index.html.slim within layouts/application
  Rendered home/index.html.slim within layouts/application (Duration: 4.5ms | Allocations: 1520)
[Webpacker] Everything's up-to-date. Nothing to do
  Rendered layout layouts/application.html.erb (Duration: 40.5ms | Allocations: 8791)
Completed 200 OK in 48ms (Views: 45.8ms | ActiveRecord: 0.0ms | Allocations: 10172)


Started GET "/" for 127.0.0.1 at 2022-05-01 22:58:53 +0300
Processing by HomeController#index as HTML
  Rendering layout layouts/application.html.erb
  Rendering home/index.html.slim within layouts/application
  Rendered home/index.html.slim within layouts/application (Duration: 0.1ms | Allocations: 37)
[Webpacker] Everything's up-to-date. Nothing to do
  Rendered layout layouts/application.html.erb (Duration: 17.8ms | Allocations: 6887)
Completed 200 OK in 20ms (Views: 18.9ms | ActiveRecord: 0.0ms | Allocations: 7380)


Started GET "/" for 127.0.0.1 at 2022-05-01 22:59:03 +0300
Processing by HomeController#index as HTML
  Rendering layout layouts/application.html.erb
  Rendering home/index.html.slim within layouts/application
  Rendered home/index.html.slim within layouts/application (Duration: 0.2ms | Allocations: 37)
[Webpacker] Everything's up-to-date. Nothing to do
  Rendered layout layouts/application.html.erb (Duration: 36.8ms | Allocations: 6885)
Completed 200 OK in 39ms (Views: 38.2ms | ActiveRecord: 0.0ms | Allocations: 7327)


